{"/home/esteban/Documents/virtual/react-expert/react-expert/vite-project/src/App.tsx": {"path":"/home/esteban/Documents/virtual/react-expert/react-expert/vite-project/src/App.tsx","all":false,"statementMap":{"0":{"start":{"line":1,"column":0},"end":{"line":1,"column":40}},"1":{"start":{"line":2,"column":0},"end":{"line":2,"column":37}},"2":{"start":{"line":3,"column":0},"end":{"line":3,"column":47}},"3":{"start":{"line":4,"column":0},"end":{"line":4,"column":19}},"4":{"start":{"line":5,"column":0},"end":{"line":5,"column":0}},"5":{"start":{"line":6,"column":0},"end":{"line":6,"column":20}},"6":{"start":{"line":7,"column":0},"end":{"line":7,"column":22}},"7":{"start":{"line":8,"column":0},"end":{"line":8,"column":16}},"8":{"start":{"line":9,"column":0},"end":{"line":9,"column":18}},"9":{"start":{"line":10,"column":0},"end":{"line":10,"column":2}},"10":{"start":{"line":11,"column":0},"end":{"line":11,"column":0}},"11":{"start":{"line":12,"column":0},"end":{"line":12,"column":28}},"12":{"start":{"line":13,"column":0},"end":{"line":13,"column":0}},"13":{"start":{"line":14,"column":0},"end":{"line":14,"column":47}},"14":{"start":{"line":15,"column":0},"end":{"line":15,"column":0}},"15":{"start":{"line":16,"column":0},"end":{"line":16,"column":51}},"16":{"start":{"line":17,"column":0},"end":{"line":17,"column":0}},"17":{"start":{"line":18,"column":0},"end":{"line":18,"column":73}},"18":{"start":{"line":19,"column":0},"end":{"line":19,"column":25}},"19":{"start":{"line":20,"column":0},"end":{"line":20,"column":12}},"20":{"start":{"line":21,"column":0},"end":{"line":21,"column":15}},"21":{"start":{"line":22,"column":0},"end":{"line":22,"column":5}},"22":{"start":{"line":23,"column":0},"end":{"line":23,"column":0}},"23":{"start":{"line":24,"column":0},"end":{"line":24,"column":77}},"24":{"start":{"line":25,"column":0},"end":{"line":25,"column":27}},"25":{"start":{"line":26,"column":0},"end":{"line":26,"column":50}},"26":{"start":{"line":27,"column":0},"end":{"line":27,"column":37}},"27":{"start":{"line":28,"column":0},"end":{"line":28,"column":4}},"28":{"start":{"line":29,"column":0},"end":{"line":29,"column":0}},"29":{"start":{"line":30,"column":0},"end":{"line":30,"column":83}},"30":{"start":{"line":31,"column":0},"end":{"line":31,"column":34}},"31":{"start":{"line":32,"column":0},"end":{"line":32,"column":4}},"32":{"start":{"line":33,"column":0},"end":{"line":33,"column":0}},"33":{"start":{"line":34,"column":0},"end":{"line":34,"column":32}},"34":{"start":{"line":35,"column":0},"end":{"line":35,"column":25}},"35":{"start":{"line":36,"column":0},"end":{"line":36,"column":26}},"36":{"start":{"line":37,"column":0},"end":{"line":37,"column":32}},"37":{"start":{"line":38,"column":0},"end":{"line":38,"column":35}},"38":{"start":{"line":39,"column":0},"end":{"line":39,"column":7}},"39":{"start":{"line":40,"column":0},"end":{"line":40,"column":4}},"40":{"start":{"line":41,"column":0},"end":{"line":41,"column":0}},"41":{"start":{"line":42,"column":0},"end":{"line":42,"column":10}},"42":{"start":{"line":43,"column":0},"end":{"line":43,"column":6}},"43":{"start":{"line":44,"column":0},"end":{"line":44,"column":26}},"44":{"start":{"line":45,"column":0},"end":{"line":45,"column":6}},"45":{"start":{"line":46,"column":0},"end":{"line":46,"column":14}},"46":{"start":{"line":47,"column":0},"end":{"line":47,"column":0}},"47":{"start":{"line":48,"column":0},"end":{"line":48,"column":17}},"48":{"start":{"line":49,"column":0},"end":{"line":49,"column":42}},"49":{"start":{"line":50,"column":0},"end":{"line":50,"column":24}},"50":{"start":{"line":51,"column":0},"end":{"line":51,"column":45}},"51":{"start":{"line":52,"column":0},"end":{"line":52,"column":40}},"52":{"start":{"line":53,"column":0},"end":{"line":53,"column":8}},"53":{"start":{"line":54,"column":0},"end":{"line":54,"column":0}},"54":{"start":{"line":55,"column":0},"end":{"line":55,"column":90}},"55":{"start":{"line":56,"column":0},"end":{"line":56,"column":13}},"56":{"start":{"line":57,"column":0},"end":{"line":57,"column":15}},"57":{"start":{"line":58,"column":0},"end":{"line":58,"column":14}},"58":{"start":{"line":59,"column":0},"end":{"line":59,"column":38}},"59":{"start":{"line":60,"column":0},"end":{"line":60,"column":11}},"60":{"start":{"line":61,"column":0},"end":{"line":61,"column":24}},"61":{"start":{"line":62,"column":0},"end":{"line":62,"column":8}},"62":{"start":{"line":63,"column":0},"end":{"line":63,"column":7}},"63":{"start":{"line":64,"column":0},"end":{"line":64,"column":3}},"64":{"start":{"line":65,"column":0},"end":{"line":65,"column":1}},"65":{"start":{"line":66,"column":0},"end":{"line":66,"column":0}},"66":{"start":{"line":67,"column":0},"end":{"line":67,"column":18}}},"s":{"0":1,"1":1,"2":1,"3":1,"4":1,"5":1,"6":1,"7":1,"8":1,"9":1,"10":1,"11":1,"12":6,"13":6,"14":6,"15":6,"16":6,"17":6,"18":6,"19":6,"20":6,"21":6,"22":6,"23":6,"24":1,"25":1,"26":1,"27":1,"28":6,"29":6,"30":0,"31":0,"32":6,"33":6,"34":1,"35":1,"36":1,"37":1,"38":1,"39":1,"40":6,"41":6,"42":6,"43":6,"44":6,"45":6,"46":6,"47":6,"48":6,"49":6,"50":6,"51":6,"52":6,"53":6,"54":6,"55":6,"56":6,"57":6,"58":1,"59":5,"60":5,"61":6,"62":6,"63":6,"64":6,"65":1,"66":1},"branchMap":{"0":{"type":"branch","line":12,"loc":{"start":{"line":12,"column":21},"end":{"line":65,"column":1}},"locations":[{"start":{"line":12,"column":21},"end":{"line":65,"column":1}}]},"1":{"type":"branch","line":58,"loc":{"start":{"line":58,"column":7},"end":{"line":59,"column":38}},"locations":[{"start":{"line":58,"column":7},"end":{"line":59,"column":38}}]},"2":{"type":"branch","line":59,"loc":{"start":{"line":59,"column":33},"end":{"line":61,"column":24}},"locations":[{"start":{"line":59,"column":33},"end":{"line":61,"column":24}}]},"3":{"type":"branch","line":24,"loc":{"start":{"line":24,"column":22},"end":{"line":28,"column":4}},"locations":[{"start":{"line":24,"column":22},"end":{"line":28,"column":4}}]},"4":{"type":"branch","line":34,"loc":{"start":{"line":34,"column":25},"end":{"line":40,"column":4}},"locations":[{"start":{"line":34,"column":25},"end":{"line":40,"column":4}}]}},"b":{"0":[6],"1":[1],"2":[5],"3":[1],"4":[1]},"fnMap":{"0":{"name":"App","decl":{"start":{"line":12,"column":21},"end":{"line":65,"column":1}},"loc":{"start":{"line":12,"column":21},"end":{"line":65,"column":1}},"line":12},"1":{"name":"handleClick","decl":{"start":{"line":24,"column":22},"end":{"line":28,"column":4}},"loc":{"start":{"line":24,"column":22},"end":{"line":28,"column":4}},"line":24},"2":{"name":"handleChangeInput","decl":{"start":{"line":30,"column":28},"end":{"line":32,"column":4}},"loc":{"start":{"line":30,"column":28},"end":{"line":32,"column":4}},"line":30},"3":{"name":"handleValidate","decl":{"start":{"line":34,"column":25},"end":{"line":40,"column":4}},"loc":{"start":{"line":34,"column":25},"end":{"line":40,"column":4}},"line":34}},"f":{"0":6,"1":1,"2":0,"3":1}}
,"/home/esteban/Documents/virtual/react-expert/react-expert/vite-project/src/components/InputTask.tsx": {"path":"/home/esteban/Documents/virtual/react-expert/react-expert/vite-project/src/components/InputTask.tsx","all":false,"statementMap":{"0":{"start":{"line":1,"column":0},"end":{"line":1,"column":43}},"1":{"start":{"line":2,"column":0},"end":{"line":2,"column":0}},"2":{"start":{"line":3,"column":0},"end":{"line":3,"column":19}},"3":{"start":{"line":4,"column":0},"end":{"line":4,"column":19}},"4":{"start":{"line":5,"column":0},"end":{"line":5,"column":20}},"5":{"start":{"line":6,"column":0},"end":{"line":6,"column":14}},"6":{"start":{"line":7,"column":0},"end":{"line":7,"column":17}},"7":{"start":{"line":8,"column":0},"end":{"line":8,"column":3}},"8":{"start":{"line":9,"column":0},"end":{"line":9,"column":16}},"9":{"start":{"line":10,"column":0},"end":{"line":10,"column":67}},"10":{"start":{"line":11,"column":0},"end":{"line":11,"column":28}},"11":{"start":{"line":12,"column":0},"end":{"line":12,"column":2}},"12":{"start":{"line":13,"column":0},"end":{"line":13,"column":0}},"13":{"start":{"line":14,"column":0},"end":{"line":14,"column":55}},"14":{"start":{"line":15,"column":0},"end":{"line":15,"column":9}},"15":{"start":{"line":16,"column":0},"end":{"line":16,"column":4}},"16":{"start":{"line":17,"column":0},"end":{"line":17,"column":27}},"17":{"start":{"line":18,"column":0},"end":{"line":18,"column":0}},"18":{"start":{"line":19,"column":0},"end":{"line":19,"column":38}},"19":{"start":{"line":20,"column":0},"end":{"line":20,"column":38}},"20":{"start":{"line":21,"column":0},"end":{"line":21,"column":8}},"21":{"start":{"line":22,"column":0},"end":{"line":22,"column":0}},"22":{"start":{"line":23,"column":0},"end":{"line":23,"column":38}},"23":{"start":{"line":24,"column":0},"end":{"line":24,"column":32}},"24":{"start":{"line":25,"column":0},"end":{"line":25,"column":8}},"25":{"start":{"line":26,"column":0},"end":{"line":26,"column":3}},"26":{"start":{"line":27,"column":0},"end":{"line":27,"column":38}},"27":{"start":{"line":28,"column":0},"end":{"line":28,"column":62}},"28":{"start":{"line":29,"column":0},"end":{"line":29,"column":8}},"29":{"start":{"line":30,"column":0},"end":{"line":30,"column":0}},"30":{"start":{"line":31,"column":0},"end":{"line":31,"column":36}},"31":{"start":{"line":32,"column":0},"end":{"line":32,"column":10}},"32":{"start":{"line":33,"column":0},"end":{"line":33,"column":15}},"33":{"start":{"line":34,"column":0},"end":{"line":34,"column":25}},"34":{"start":{"line":35,"column":0},"end":{"line":35,"column":38}},"35":{"start":{"line":36,"column":0},"end":{"line":36,"column":5}},"36":{"start":{"line":37,"column":0},"end":{"line":37,"column":3}},"37":{"start":{"line":38,"column":0},"end":{"line":38,"column":64}},"38":{"start":{"line":39,"column":0},"end":{"line":39,"column":0}},"39":{"start":{"line":40,"column":0},"end":{"line":40,"column":86}},"40":{"start":{"line":41,"column":0},"end":{"line":41,"column":12}},"41":{"start":{"line":42,"column":0},"end":{"line":42,"column":12}},"42":{"start":{"line":43,"column":0},"end":{"line":43,"column":5}},"43":{"start":{"line":44,"column":0},"end":{"line":44,"column":2}},"44":{"start":{"line":45,"column":0},"end":{"line":45,"column":1}},"45":{"start":{"line":46,"column":0},"end":{"line":46,"column":0}},"46":{"start":{"line":47,"column":0},"end":{"line":47,"column":25}}},"s":{"0":1,"1":1,"2":1,"3":1,"4":1,"5":1,"6":1,"7":1,"8":1,"9":1,"10":1,"11":1,"12":1,"13":1,"14":7,"15":7,"16":7,"17":7,"18":7,"19":7,"20":7,"21":7,"22":7,"23":7,"24":7,"25":7,"26":7,"27":7,"28":7,"29":7,"30":7,"31":7,"32":7,"33":7,"34":7,"35":7,"36":7,"37":7,"38":7,"39":7,"40":7,"41":7,"42":7,"43":7,"44":7,"45":1,"46":1},"branchMap":{"0":{"type":"branch","line":14,"loc":{"start":{"line":14,"column":18},"end":{"line":45,"column":1}},"locations":[{"start":{"line":14,"column":18},"end":{"line":45,"column":1}}]},"1":{"type":"branch","line":20,"loc":{"start":{"line":20,"column":11},"end":{"line":20,"column":38}},"locations":[{"start":{"line":20,"column":11},"end":{"line":20,"column":38}}]},"2":{"type":"branch","line":24,"loc":{"start":{"line":24,"column":11},"end":{"line":24,"column":32}},"locations":[{"start":{"line":24,"column":11},"end":{"line":24,"column":32}}]},"3":{"type":"branch","line":28,"loc":{"start":{"line":28,"column":11},"end":{"line":28,"column":36}},"locations":[{"start":{"line":28,"column":11},"end":{"line":28,"column":36}}]},"4":{"type":"branch","line":28,"loc":{"start":{"line":28,"column":28},"end":{"line":28,"column":50}},"locations":[{"start":{"line":28,"column":28},"end":{"line":28,"column":50}}]},"5":{"type":"branch","line":28,"loc":{"start":{"line":28,"column":36},"end":{"line":28,"column":62}},"locations":[{"start":{"line":28,"column":36},"end":{"line":28,"column":62}}]},"6":{"type":"branch","line":38,"loc":{"start":{"line":38,"column":11},"end":{"line":38,"column":44}},"locations":[{"start":{"line":38,"column":11},"end":{"line":38,"column":44}}]}},"b":{"0":[7],"1":[6],"2":[6],"3":[6],"4":[6],"5":[1],"6":[0]},"fnMap":{"0":{"name":"InputTask","decl":{"start":{"line":14,"column":18},"end":{"line":45,"column":1}},"loc":{"start":{"line":14,"column":18},"end":{"line":45,"column":1}},"line":14}},"f":{"0":7}}
,"/home/esteban/Documents/virtual/react-expert/react-expert/vite-project/src/components/Task.tsx": {"path":"/home/esteban/Documents/virtual/react-expert/react-expert/vite-project/src/components/Task.tsx","all":false,"statementMap":{"0":{"start":{"line":1,"column":0},"end":{"line":1,"column":33}},"1":{"start":{"line":2,"column":0},"end":{"line":2,"column":9}},"2":{"start":{"line":3,"column":0},"end":{"line":3,"column":4}},"3":{"start":{"line":4,"column":0},"end":{"line":4,"column":22}},"4":{"start":{"line":5,"column":0},"end":{"line":5,"column":5}},"5":{"start":{"line":6,"column":0},"end":{"line":6,"column":2}},"6":{"start":{"line":7,"column":0},"end":{"line":7,"column":1}},"7":{"start":{"line":8,"column":0},"end":{"line":8,"column":0}},"8":{"start":{"line":9,"column":0},"end":{"line":9,"column":20}}},"s":{"0":1,"1":7,"2":7,"3":7,"4":7,"5":7,"6":7,"7":1,"8":1},"branchMap":{"0":{"type":"branch","line":1,"loc":{"start":{"line":1,"column":13},"end":{"line":7,"column":1}},"locations":[{"start":{"line":1,"column":13},"end":{"line":7,"column":1}}]}},"b":{"0":[7]},"fnMap":{"0":{"name":"Task","decl":{"start":{"line":1,"column":13},"end":{"line":7,"column":1}},"loc":{"start":{"line":1,"column":13},"end":{"line":7,"column":1}},"line":1}},"f":{"0":7}}
}
